android/app/build/intermediates/manifest_merge_blame_file/debug/manifest-merger-blame-debug-report.txt
1<?xml version="1.0" encoding="utf-8"?>
2<manifest xmlns:android="http://schemas.android.com/apk/res/android"
3    package="com.livestreamexample"
4    android:versionCode="1"
5    android:versionName="1.0" >
6
7    <uses-sdk
8        android:minSdkVersion="26"
9        android:targetSdkVersion="28" />
10
11    <uses-permission android:name="android.permission.SYSTEM_ALERT_WINDOW" />
11-->src/debug/AndroidManifest.xml:5:5-77
11-->src/debug/AndroidManifest.xml:5:22-75
12    <uses-permission android:name="android.permission.INTERNET" />
12-->src/main/AndroidManifest.xml:4:5-67
12-->src/main/AndroidManifest.xml:4:22-64
13
14    <uses-feature android:name="android.hardware.camera" />
14-->src/main/AndroidManifest.xml:5:5-59
14-->src/main/AndroidManifest.xml:5:19-57
15    <uses-feature android:name="android.hardware.camera.autofocus" />
15-->src/main/AndroidManifest.xml:6:5-69
15-->src/main/AndroidManifest.xml:6:19-67
16
17    <uses-permission android:name="android.permission.CAMERA" />
17-->src/main/AndroidManifest.xml:8:5-64
17-->src/main/AndroidManifest.xml:8:22-62
18    <uses-permission android:name="android.permission.RECORD_AUDIO" />
18-->src/main/AndroidManifest.xml:9:5-70
18-->src/main/AndroidManifest.xml:9:22-68
19    <uses-permission android:name="android.permission.FLASHLIGHT" />
19-->src/main/AndroidManifest.xml:10:5-68
19-->src/main/AndroidManifest.xml:10:22-66
20    <uses-permission android:name="android.permission.WRITE_EXTERNAL_STORAGE" />
20-->src/main/AndroidManifest.xml:11:5-80
20-->src/main/AndroidManifest.xml:11:22-78
21    <uses-permission android:name="android.permission.ACCESS_WIFI_STATE" />
21-->[com.facebook.flipper:flipper:0.33.1] AndroidManifest.xml:16:5-76
21-->[com.facebook.flipper:flipper:0.33.1] AndroidManifest.xml:16:22-73
22
23    <application
23-->src/main/AndroidManifest.xml:13:5-38:19
24        android:name="com.livestreamexample.MainApplication"
24-->src/main/AndroidManifest.xml:14:7-38
25        android:allowBackup="false"
25-->src/main/AndroidManifest.xml:18:7-34
26        android:appComponentFactory="androidx.core.app.CoreComponentFactory"
26-->[androidx.core:core:1.1.0] AndroidManifest.xml:24:18-86
27        android:debuggable="true"
28        android:icon="@mipmap/ic_launcher"
28-->src/main/AndroidManifest.xml:16:7-41
29        android:label="@string/app_name"
29-->src/main/AndroidManifest.xml:15:7-39
30        android:roundIcon="@mipmap/ic_launcher_round"
30-->src/main/AndroidManifest.xml:17:7-52
31        android:theme="@style/AppTheme"
31-->src/main/AndroidManifest.xml:19:7-38
32        android:usesCleartextTraffic="true" >
32-->src/debug/AndroidManifest.xml:7:18-53
33        <activity
33-->src/main/AndroidManifest.xml:20:7-31:18
34            android:name="com.livestreamexample.MainActivity"
34-->src/main/AndroidManifest.xml:21:9-37
35            android:configChanges="orientation|keyboardHidden|keyboard|screenSize|locale|layoutDirection|fontScale|screenLayout|density|smallestScreenSize|orientation"
35-->src/main/AndroidManifest.xml:25:83-247
36            android:label="@string/app_name"
36-->src/main/AndroidManifest.xml:22:9-41
37            android:launchMode="singleInstance"
37-->src/main/AndroidManifest.xml:23:9-44
38            android:resizeableActivity="true"
38-->src/main/AndroidManifest.xml:25:9-42
39            android:supportsPictureInPicture="true"
39-->src/main/AndroidManifest.xml:25:43-82
40            android:windowSoftInputMode="adjustResize" >
40-->src/main/AndroidManifest.xml:24:9-51
41            <intent-filter>
41-->src/main/AndroidManifest.xml:27:9-30:25
42                <action android:name="android.intent.action.MAIN" />
42-->src/main/AndroidManifest.xml:28:13-65
42-->src/main/AndroidManifest.xml:28:21-62
43
44                <category android:name="android.intent.category.LAUNCHER" />
44-->src/main/AndroidManifest.xml:29:13-73
44-->src/main/AndroidManifest.xml:29:23-70
45            </intent-filter>
46        </activity>
47        <activity
47-->src/main/AndroidManifest.xml:32:7-35:18
48            android:name="com.livestreamexample.SubActivity"
48-->src/main/AndroidManifest.xml:33:9-36
49            android:supportsPictureInPicture="true" >
49-->src/main/AndroidManifest.xml:34:9-48
50        </activity>
51        <activity android:name="com.facebook.react.devsupport.DevSettingsActivity" />
51-->src/main/AndroidManifest.xml:37:7-84
51-->src/main/AndroidManifest.xml:37:17-81
52
53        <meta-data
53-->[:unimodules-react-native-adapter] AndroidManifest.xml:12:9-14:91
54            android:name="org.unimodules.core.AppLoader#react-native-headless"
54-->[:unimodules-react-native-adapter] AndroidManifest.xml:13:13-79
55            android:value="org.unimodules.adapters.react.apploader.RNHeadlessAppLoader" />
55-->[:unimodules-react-native-adapter] AndroidManifest.xml:14:13-88
56    </application>
57
58</manifest>